Configuring easy-file-0.2.2...
Building easy-file-0.2.2...
Preprocessing library easy-file-0.2.2...
[1 of 4] Compiling System.EasyFile.Missing ( System/EasyFile/Missing.hs, dist/dist-sandbox-c9976ecc/build/System/EasyFile/Missing.o )

System/EasyFile/Missing.hs:7:1: Warning:
    The import of ‘Control.Applicative’ is redundant
      except perhaps to import instances from ‘Control.Applicative’
    To import instances alone, use: import Control.Applicative()
[2 of 4] Compiling System.EasyFile.Directory ( System/EasyFile/Directory.hs, dist/dist-sandbox-c9976ecc/build/System/EasyFile/Directory.o )

System/EasyFile/Directory.hs:37:1: Warning:
    The import of ‘Control.Applicative’ is redundant
      except perhaps to import instances from ‘Control.Applicative’
    To import instances alone, use: import Control.Applicative()
[3 of 4] Compiling System.EasyFile.FilePath ( System/EasyFile/FilePath.hs, dist/dist-sandbox-c9976ecc/build/System/EasyFile/FilePath.o )
[4 of 4] Compiling System.EasyFile  ( System/EasyFile.hs, dist/dist-sandbox-c9976ecc/build/System/EasyFile.o )
In-place registering easy-file-0.2.2...
Creating package registration file:
/tmp/pkgConf-easy-file-0.211006613131433925857.2
Installing library in
/home/matheushal/Documentos/PF/WEB/.cabal-sandbox/lib/x86_64-linux-ghc-7.10.3/easy-file-0.2.2-GU0qd16CHYZIxtbugb0Lid
Registering easy-file-0.2.2...
